[2026-03-07 17:52:15] [INFO] [Spark_consumer] - ⏳ Conectando Spark a Kafka
[2026-03-07 17:52:17] [INFO] [Spark_consumer] - Motor de Streaming Iniciado. Esperando noticias...
[2026-03-07 17:54:08] [INFO] [Producer_News] - 📰 Productor de Noticias iniciado. Intervalo: 1800s. Estrategia: Popularidad.
[2026-03-07 17:54:09] [INFO] [Producer_News] - ⏳ Lote procesado (5 noticias nuevas). Esperando 1800s...
[2026-03-07 17:54:33] [INFO] [Producer_News] - 
🛑 Deteniendo productor de noticias...
[2026-03-07 17:54:33] [INFO] [Producer_News] - Titular enviado a Kafka: ed", "title": "Crypto-Funded H...
[2026-03-07 17:54:33] [INFO] [Producer_News] - Titular enviado a Kafka: ed", "title": "How Is Kalshi N...
[2026-03-07 17:54:33] [INFO] [Producer_News] - Titular enviado a Kafka: ed", "title": "The War Over Pr...
[2026-03-07 17:54:33] [INFO] [Producer_News] - Titular enviado a Kafka: ed", "title": "Donald Trump Jr...
[2026-03-07 17:54:33] [INFO] [Producer_News] - Titular enviado a Kafka: ed", "title": "A Possible US G...
[2026-03-07 17:54:35] [INFO] [Producer_News] - 📰 Productor de Noticias iniciado. Intervalo: 1800s. Estrategia: Popularidad.
[2026-03-07 17:54:35] [INFO] [Producer_News] - ⏳ Lote procesado (5 noticias nuevas). Esperando 1800s...
[2026-03-07 17:54:44] [INFO] [Spark_consumer] - ⏳ Conectando Spark a Kafka
[2026-03-07 17:54:46] [INFO] [Spark_consumer] - Motor de Streaming Iniciado. Esperando noticias...
[2026-03-07 17:54:53] [INFO] [Producer_News] - 
🛑 Deteniendo productor de noticias...
[2026-03-07 17:54:53] [INFO] [Producer_News] - Titular enviado a Kafka: ed", "title": "Crypto-Funded H...
[2026-03-07 17:54:53] [INFO] [Producer_News] - Titular enviado a Kafka: ed", "title": "How Is Kalshi N...
[2026-03-07 17:54:53] [INFO] [Producer_News] - Titular enviado a Kafka: ed", "title": "The War Over Pr...
[2026-03-07 17:54:53] [INFO] [Producer_News] - Titular enviado a Kafka: ed", "title": "Donald Trump Jr...
[2026-03-07 17:54:53] [INFO] [Producer_News] - Titular enviado a Kafka: ed", "title": "A Possible US G...
[2026-03-07 17:54:55] [INFO] [Producer_News] - 📰 Productor de Noticias iniciado. Intervalo: 1800s. Estrategia: Popularidad.
[2026-03-07 17:54:55] [INFO] [Producer_News] - ⏳ Lote procesado (5 noticias nuevas). Esperando 1800s...
[2026-03-07 18:24:56] [INFO] [Producer_News] - Titular enviado a Kafka: ed", "title": "Crypto-Funded H...
[2026-03-07 18:24:56] [INFO] [Producer_News] - Titular enviado a Kafka: ed", "title": "How Is Kalshi N...
[2026-03-07 18:24:56] [INFO] [Producer_News] - Titular enviado a Kafka: ed", "title": "The War Over Pr...
[2026-03-07 18:24:56] [INFO] [Producer_News] - Titular enviado a Kafka: ed", "title": "Donald Trump Jr...
[2026-03-07 18:24:56] [INFO] [Producer_News] - Titular enviado a Kafka: ed", "title": "A Possible US G...
[2026-03-07 18:24:56] [INFO] [Producer_News] - ⏳ Lote procesado (5 noticias nuevas). Esperando 1800s...
[2026-03-07 18:54:56] [ERROR] [Producer_News] - ⚠️ Error en el bucle: HTTPSConnectionPool(host='newsapi.org', port=443): Max retries exceeded with url: /v2/everything?q=bitcoin%20OR%20%22S%26P%20500%22%20OR%20crypto%20OR%20%22stock%20market%22&language=en&sortBy=popularity&apiKey=4e9370dd6a70404fa10ceeab8a05b58a (Caused by NameResolutionError("HTTPSConnection(host='newsapi.org', port=443): Failed to resolve 'newsapi.org' ([Errno -3] Temporary failure in name resolution)"))
[2026-03-07 19:24:56] [ERROR] [Producer_News] - ⚠️ Error en el bucle: HTTPSConnectionPool(host='newsapi.org', port=443): Max retries exceeded with url: /v2/everything?q=bitcoin%20OR%20%22S%26P%20500%22%20OR%20crypto%20OR%20%22stock%20market%22&language=en&sortBy=popularity&apiKey=4e9370dd6a70404fa10ceeab8a05b58a (Caused by NameResolutionError("HTTPSConnection(host='newsapi.org', port=443): Failed to resolve 'newsapi.org' ([Errno -3] Temporary failure in name resolution)"))
[2026-03-07 19:54:56] [ERROR] [Producer_News] - ⚠️ Error en el bucle: HTTPSConnectionPool(host='newsapi.org', port=443): Max retries exceeded with url: /v2/everything?q=bitcoin%20OR%20%22S%26P%20500%22%20OR%20crypto%20OR%20%22stock%20market%22&language=en&sortBy=popularity&apiKey=4e9370dd6a70404fa10ceeab8a05b58a (Caused by NameResolutionError("HTTPSConnection(host='newsapi.org', port=443): Failed to resolve 'newsapi.org' ([Errno -3] Temporary failure in name resolution)"))
[2026-03-07 20:24:56] [ERROR] [Producer_News] - ⚠️ Error en el bucle: HTTPSConnectionPool(host='newsapi.org', port=443): Max retries exceeded with url: /v2/everything?q=bitcoin%20OR%20%22S%26P%20500%22%20OR%20crypto%20OR%20%22stock%20market%22&language=en&sortBy=popularity&apiKey=4e9370dd6a70404fa10ceeab8a05b58a (Caused by NameResolutionError("HTTPSConnection(host='newsapi.org', port=443): Failed to resolve 'newsapi.org' ([Errno -3] Temporary failure in name resolution)"))
[2026-03-08 08:14:42] [INFO] [Producer_News] - 📰 Productor de Noticias iniciado. Intervalo: 1800s. Estrategia: Popularidad.
[2026-03-08 08:14:42] [INFO] [Producer_News] - ⏳ Lote procesado (5 noticias nuevas). Esperando 1800s...
[2026-03-08 08:15:49] [INFO] [Spark_consumer] - ⏳ Conectando Spark a Kafka
[2026-03-08 08:15:51] [INFO] [Spark_consumer] - Motor de Streaming Iniciado. Esperando noticias...
[2026-03-08 08:44:43] [INFO] [Producer_News] - Titular enviado a Kafka: ed", "title": "Crypto-Funded H...
[2026-03-08 08:44:43] [INFO] [Producer_News] - Titular enviado a Kafka: ed", "title": "How Is Kalshi N...
[2026-03-08 08:44:43] [INFO] [Producer_News] - Titular enviado a Kafka: ed", "title": "The War Over Pr...
[2026-03-08 08:44:43] [INFO] [Producer_News] - Titular enviado a Kafka: ed", "title": "Donald Trump Jr...
[2026-03-08 08:44:43] [INFO] [Producer_News] - Titular enviado a Kafka: ed", "title": "A Possible US G...
[2026-03-08 08:44:43] [INFO] [Producer_News] - ⏳ Lote procesado (5 noticias nuevas). Esperando 1800s...
[2026-03-08 09:14:43] [INFO] [Producer_News] - Titular enviado a Kafka:  Verge", "title": "Jeffrey Eps...
[2026-03-08 09:14:43] [INFO] [Producer_News] - Titular enviado a Kafka:  Verge", "title": "Google\u201...
[2026-03-08 09:14:43] [INFO] [Producer_News] - Titular enviado a Kafka:  Verge", "title": "FBI release...
[2026-03-08 09:14:43] [INFO] [Producer_News] - Titular enviado a Kafka:  Verge", "title": "AI tools ca...
[2026-03-08 09:14:43] [INFO] [Producer_News] - Titular enviado a Kafka:  Verge", "title": "Prediction ...
[2026-03-08 09:14:43] [INFO] [Producer_News] - ⏳ Lote procesado (5 noticias nuevas). Esperando 1800s...
[2026-03-08 09:44:44] [INFO] [Producer_News] - Titular enviado a Kafka:  Verge", "title": "It\u2019s M...
[2026-03-08 09:44:44] [INFO] [Producer_News] - Titular enviado a Kafka:  Verge", "title": "Let me see ...
[2026-03-08 09:44:44] [INFO] [Producer_News] - Titular enviado a Kafka: modo.com", "title": "Major Bit...
[2026-03-08 09:44:44] [INFO] [Producer_News] - Titular enviado a Kafka: modo.com", "title": "How the W...
[2026-03-08 09:44:44] [INFO] [Producer_News] - Titular enviado a Kafka: modo.com", "title": "Insider T...
[2026-03-08 09:44:44] [INFO] [Producer_News] - ⏳ Lote procesado (5 noticias nuevas). Esperando 1800s...
[2026-03-08 10:14:44] [ERROR] [Producer_News] - ⚠️ Error en el bucle: HTTPSConnectionPool(host='newsapi.org', port=443): Max retries exceeded with url: /v2/everything?q=bitcoin%20OR%20%22S%26P%20500%22%20OR%20crypto%20OR%20%22stock%20market%22&language=en&sortBy=popularity&apiKey=4e9370dd6a70404fa10ceeab8a05b58a (Caused by NameResolutionError("HTTPSConnection(host='newsapi.org', port=443): Failed to resolve 'newsapi.org' ([Errno -3] Temporary failure in name resolution)"))
[2026-03-08 10:44:44] [ERROR] [Producer_News] - ⚠️ Error en el bucle: HTTPSConnectionPool(host='newsapi.org', port=443): Max retries exceeded with url: /v2/everything?q=bitcoin%20OR%20%22S%26P%20500%22%20OR%20crypto%20OR%20%22stock%20market%22&language=en&sortBy=popularity&apiKey=4e9370dd6a70404fa10ceeab8a05b58a (Caused by NameResolutionError("HTTPSConnection(host='newsapi.org', port=443): Failed to resolve 'newsapi.org' ([Errno -3] Temporary failure in name resolution)"))
[2026-03-08 11:14:44] [ERROR] [Producer_News] - ⚠️ Error en el bucle: HTTPSConnectionPool(host='newsapi.org', port=443): Max retries exceeded with url: /v2/everything?q=bitcoin%20OR%20%22S%26P%20500%22%20OR%20crypto%20OR%20%22stock%20market%22&language=en&sortBy=popularity&apiKey=4e9370dd6a70404fa10ceeab8a05b58a (Caused by NameResolutionError("HTTPSConnection(host='newsapi.org', port=443): Failed to resolve 'newsapi.org' ([Errno -3] Temporary failure in name resolution)"))
[2026-03-08 11:44:44] [ERROR] [Producer_News] - ⚠️ Error en el bucle: HTTPSConnectionPool(host='newsapi.org', port=443): Max retries exceeded with url: /v2/everything?q=bitcoin%20OR%20%22S%26P%20500%22%20OR%20crypto%20OR%20%22stock%20market%22&language=en&sortBy=popularity&apiKey=4e9370dd6a70404fa10ceeab8a05b58a (Caused by NameResolutionError("HTTPSConnection(host='newsapi.org', port=443): Failed to resolve 'newsapi.org' ([Errno -3] Temporary failure in name resolution)"))
[2026-03-08 12:14:44] [ERROR] [Producer_News] - ⚠️ Error en el bucle: HTTPSConnectionPool(host='newsapi.org', port=443): Max retries exceeded with url: /v2/everything?q=bitcoin%20OR%20%22S%26P%20500%22%20OR%20crypto%20OR%20%22stock%20market%22&language=en&sortBy=popularity&apiKey=4e9370dd6a70404fa10ceeab8a05b58a (Caused by NameResolutionError("HTTPSConnection(host='newsapi.org', port=443): Failed to resolve 'newsapi.org' ([Errno -3] Temporary failure in name resolution)"))
[2026-03-08 12:44:44] [ERROR] [Producer_News] - ⚠️ Error en el bucle: HTTPSConnectionPool(host='newsapi.org', port=443): Max retries exceeded with url: /v2/everything?q=bitcoin%20OR%20%22S%26P%20500%22%20OR%20crypto%20OR%20%22stock%20market%22&language=en&sortBy=popularity&apiKey=4e9370dd6a70404fa10ceeab8a05b58a (Caused by NameResolutionError("HTTPSConnection(host='newsapi.org', port=443): Failed to resolve 'newsapi.org' ([Errno -3] Temporary failure in name resolution)"))
[2026-03-08 13:14:44] [ERROR] [Producer_News] - ⚠️ Error en el bucle: HTTPSConnectionPool(host='newsapi.org', port=443): Max retries exceeded with url: /v2/everything?q=bitcoin%20OR%20%22S%26P%20500%22%20OR%20crypto%20OR%20%22stock%20market%22&language=en&sortBy=popularity&apiKey=4e9370dd6a70404fa10ceeab8a05b58a (Caused by NameResolutionError("HTTPSConnection(host='newsapi.org', port=443): Failed to resolve 'newsapi.org' ([Errno -3] Temporary failure in name resolution)"))
[2026-03-08 13:44:44] [ERROR] [Producer_News] - ⚠️ Error en el bucle: HTTPSConnectionPool(host='newsapi.org', port=443): Max retries exceeded with url: /v2/everything?q=bitcoin%20OR%20%22S%26P%20500%22%20OR%20crypto%20OR%20%22stock%20market%22&language=en&sortBy=popularity&apiKey=4e9370dd6a70404fa10ceeab8a05b58a (Caused by NameResolutionError("HTTPSConnection(host='newsapi.org', port=443): Failed to resolve 'newsapi.org' ([Errno -3] Temporary failure in name resolution)"))
[2026-03-08 14:14:44] [ERROR] [Producer_News] - ⚠️ Error en el bucle: HTTPSConnectionPool(host='newsapi.org', port=443): Max retries exceeded with url: /v2/everything?q=bitcoin%20OR%20%22S%26P%20500%22%20OR%20crypto%20OR%20%22stock%20market%22&language=en&sortBy=popularity&apiKey=4e9370dd6a70404fa10ceeab8a05b58a (Caused by NameResolutionError("HTTPSConnection(host='newsapi.org', port=443): Failed to resolve 'newsapi.org' ([Errno -3] Temporary failure in name resolution)"))
[2026-03-08 14:44:44] [ERROR] [Producer_News] - ⚠️ Error en el bucle: HTTPSConnectionPool(host='newsapi.org', port=443): Max retries exceeded with url: /v2/everything?q=bitcoin%20OR%20%22S%26P%20500%22%20OR%20crypto%20OR%20%22stock%20market%22&language=en&sortBy=popularity&apiKey=4e9370dd6a70404fa10ceeab8a05b58a (Caused by NameResolutionError("HTTPSConnection(host='newsapi.org', port=443): Failed to resolve 'newsapi.org' ([Errno -3] Temporary failure in name resolution)"))
[2026-03-08 15:14:44] [ERROR] [Producer_News] - ⚠️ Error en el bucle: HTTPSConnectionPool(host='newsapi.org', port=443): Max retries exceeded with url: /v2/everything?q=bitcoin%20OR%20%22S%26P%20500%22%20OR%20crypto%20OR%20%22stock%20market%22&language=en&sortBy=popularity&apiKey=4e9370dd6a70404fa10ceeab8a05b58a (Caused by NameResolutionError("HTTPSConnection(host='newsapi.org', port=443): Failed to resolve 'newsapi.org' ([Errno -3] Temporary failure in name resolution)"))
[2026-03-08 15:44:44] [ERROR] [Producer_News] - ⚠️ Error en el bucle: HTTPSConnectionPool(host='newsapi.org', port=443): Max retries exceeded with url: /v2/everything?q=bitcoin%20OR%20%22S%26P%20500%22%20OR%20crypto%20OR%20%22stock%20market%22&language=en&sortBy=popularity&apiKey=4e9370dd6a70404fa10ceeab8a05b58a (Caused by NameResolutionError("HTTPSConnection(host='newsapi.org', port=443): Failed to resolve 'newsapi.org' ([Errno -3] Temporary failure in name resolution)"))
[2026-03-08 16:14:44] [ERROR] [Producer_News] - ⚠️ Error en el bucle: HTTPSConnectionPool(host='newsapi.org', port=443): Max retries exceeded with url: /v2/everything?q=bitcoin%20OR%20%22S%26P%20500%22%20OR%20crypto%20OR%20%22stock%20market%22&language=en&sortBy=popularity&apiKey=4e9370dd6a70404fa10ceeab8a05b58a (Caused by NameResolutionError("HTTPSConnection(host='newsapi.org', port=443): Failed to resolve 'newsapi.org' ([Errno -3] Temporary failure in name resolution)"))
[2026-03-08 16:44:44] [ERROR] [Producer_News] - ⚠️ Error en el bucle: HTTPSConnectionPool(host='newsapi.org', port=443): Max retries exceeded with url: /v2/everything?q=bitcoin%20OR%20%22S%26P%20500%22%20OR%20crypto%20OR%20%22stock%20market%22&language=en&sortBy=popularity&apiKey=4e9370dd6a70404fa10ceeab8a05b58a (Caused by NameResolutionError("HTTPSConnection(host='newsapi.org', port=443): Failed to resolve 'newsapi.org' ([Errno -3] Temporary failure in name resolution)"))
